00:18:18.277 INFO  org.springframework.boot.StartupInfoLogger 48 logStarting - Starting BlogApiApplication on xiaohaodeMacBook-Pro.local with PID 26485 (/Users/xiaohao/devTools/workplace/blog_server/target/classes started by xiaohao in /Users/xiaohao/devTools/workplace/blog_server)
00:18:18.279 INFO  org.springframework.boot.SpringApplication 593 logStartupProfileInfo - No active profile set, falling back to default profiles: default
00:18:18.302 INFO  org.springframework.context.support.AbstractApplicationContext 583 prepareRefresh - Refreshing org.springframework.boot.context.embedded.AnnotationConfigEmbeddedWebApplicationContext@7ca2abf2: startup date [Wed Mar 29 00:18:18 CST 2023]; root of context hierarchy
00:18:18.367 INFO  org.hibernate.validator.internal.util.Version 30 <clinit> - HV000001: Hibernate Validator 5.3.6.Final
00:18:18.713 INFO  org.springframework.data.repository.config.RepositoryConfigurationDelegate 165 multipleStoresDetected - Multiple Spring Data modules found, entering strict repository configuration mode!
00:18:18.753 INFO  org.springframework.data.repository.config.RepositoryConfigurationDelegate 165 multipleStoresDetected - Multiple Spring Data modules found, entering strict repository configuration mode!
00:18:18.776 INFO  org.springframework.data.repository.config.RepositoryConfigurationExtensionSupport 270 isStrictRepositoryCandidate - Spring Data Redis - Could not safely identify store assignment for repository candidate interface com.shimh.repository.ArticleRepository.
00:18:18.776 INFO  org.springframework.data.repository.config.RepositoryConfigurationExtensionSupport 270 isStrictRepositoryCandidate - Spring Data Redis - Could not safely identify store assignment for repository candidate interface com.shimh.repository.LogRepository.
00:18:18.776 INFO  org.springframework.data.repository.config.RepositoryConfigurationExtensionSupport 270 isStrictRepositoryCandidate - Spring Data Redis - Could not safely identify store assignment for repository candidate interface com.shimh.repository.CategoryRepository.
00:18:18.777 INFO  org.springframework.data.repository.config.RepositoryConfigurationExtensionSupport 270 isStrictRepositoryCandidate - Spring Data Redis - Could not safely identify store assignment for repository candidate interface com.shimh.repository.TagRepository.
00:18:18.777 INFO  org.springframework.data.repository.config.RepositoryConfigurationExtensionSupport 270 isStrictRepositoryCandidate - Spring Data Redis - Could not safely identify store assignment for repository candidate interface com.shimh.repository.UserRepository.
00:18:18.777 INFO  org.springframework.data.repository.config.RepositoryConfigurationExtensionSupport 270 isStrictRepositoryCandidate - Spring Data Redis - Could not safely identify store assignment for repository candidate interface com.shimh.repository.CommentRepository.
00:18:18.908 INFO  org.springframework.context.support.PostProcessorRegistrationDelegate$BeanPostProcessorChecker 327 postProcessAfterInitialization - Bean 'shiroConfig' of type [com.shimh.config.ShiroConfig$$EnhancerBySpringCGLIB$$bb0c30c1] is not eligible for getting processed by all BeanPostProcessors (for example: not eligible for auto-proxying)
00:18:18.927 INFO  org.springframework.context.support.PostProcessorRegistrationDelegate$BeanPostProcessorChecker 327 postProcessAfterInitialization - Bean 'hashedCredentialsMatcher' of type [org.apache.shiro.authc.credential.HashedCredentialsMatcher] is not eligible for getting processed by all BeanPostProcessors (for example: not eligible for auto-proxying)
00:18:18.949 INFO  org.springframework.context.support.PostProcessorRegistrationDelegate$BeanPostProcessorChecker 327 postProcessAfterInitialization - Bean '(inner bean)#6626a6d8' of type [org.springframework.beans.factory.config.PropertiesFactoryBean] is not eligible for getting processed by all BeanPostProcessors (for example: not eligible for auto-proxying)
00:18:18.949 INFO  org.springframework.context.support.PostProcessorRegistrationDelegate$BeanPostProcessorChecker 327 postProcessAfterInitialization - Bean '(inner bean)#6626a6d8' of type [java.util.Properties] is not eligible for getting processed by all BeanPostProcessors (for example: not eligible for auto-proxying)
00:18:18.956 INFO  org.springframework.context.support.PostProcessorRegistrationDelegate$BeanPostProcessorChecker 327 postProcessAfterInitialization - Bean '(inner bean)#a7d437a' of type [org.springframework.data.repository.core.support.PropertiesBasedNamedQueries] is not eligible for getting processed by all BeanPostProcessors (for example: not eligible for auto-proxying)
00:18:18.959 INFO  org.springframework.context.support.PostProcessorRegistrationDelegate$BeanPostProcessorChecker 327 postProcessAfterInitialization - Bean '(inner bean)#60dae393' of type [org.springframework.data.repository.query.ExtensionAwareEvaluationContextProvider] is not eligible for getting processed by all BeanPostProcessors (for example: not eligible for auto-proxying)
00:18:18.962 INFO  org.springframework.context.support.PostProcessorRegistrationDelegate$BeanPostProcessorChecker 327 postProcessAfterInitialization - Bean 'com.alibaba.druid.spring.boot.autoconfigure.DruidDataSourceAutoConfigure' of type [com.alibaba.druid.spring.boot.autoconfigure.DruidDataSourceAutoConfigure$$EnhancerBySpringCGLIB$$c7e934db] is not eligible for getting processed by all BeanPostProcessors (for example: not eligible for auto-proxying)
00:18:19.039 INFO  org.springframework.context.support.PostProcessorRegistrationDelegate$BeanPostProcessorChecker 327 postProcessAfterInitialization - Bean 'spring.datasource-org.springframework.boot.autoconfigure.jdbc.DataSourceProperties' of type [org.springframework.boot.autoconfigure.jdbc.DataSourceProperties] is not eligible for getting processed by all BeanPostProcessors (for example: not eligible for auto-proxying)
00:18:19.042 INFO  org.springframework.context.support.PostProcessorRegistrationDelegate$BeanPostProcessorChecker 327 postProcessAfterInitialization - Bean 'com.alibaba.druid.spring.boot.autoconfigure.stat.DruidFilterConfiguration' of type [com.alibaba.druid.spring.boot.autoconfigure.stat.DruidFilterConfiguration] is not eligible for getting processed by all BeanPostProcessors (for example: not eligible for auto-proxying)
00:18:19.230 INFO  org.springframework.context.support.PostProcessorRegistrationDelegate$BeanPostProcessorChecker 327 postProcessAfterInitialization - Bean 'statFilter' of type [com.alibaba.druid.filter.stat.StatFilter] is not eligible for getting processed by all BeanPostProcessors (for example: not eligible for auto-proxying)
00:18:19.324 INFO  org.springframework.context.support.PostProcessorRegistrationDelegate$BeanPostProcessorChecker 327 postProcessAfterInitialization - Bean 'dataSource' of type [com.alibaba.druid.spring.boot.autoconfigure.DruidDataSourceWrapper] is not eligible for getting processed by all BeanPostProcessors (for example: not eligible for auto-proxying)
00:18:19.329 INFO  org.springframework.context.support.PostProcessorRegistrationDelegate$BeanPostProcessorChecker 327 postProcessAfterInitialization - Bean 'spring.jpa-org.springframework.boot.autoconfigure.orm.jpa.JpaProperties' of type [org.springframework.boot.autoconfigure.orm.jpa.JpaProperties] is not eligible for getting processed by all BeanPostProcessors (for example: not eligible for auto-proxying)
00:18:19.332 INFO  org.springframework.context.support.PostProcessorRegistrationDelegate$BeanPostProcessorChecker 327 postProcessAfterInitialization - Bean 'org.springframework.boot.autoconfigure.transaction.TransactionAutoConfiguration' of type [org.springframework.boot.autoconfigure.transaction.TransactionAutoConfiguration$$EnhancerBySpringCGLIB$$42b13a73] is not eligible for getting processed by all BeanPostProcessors (for example: not eligible for auto-proxying)
00:18:19.336 INFO  org.springframework.context.support.PostProcessorRegistrationDelegate$BeanPostProcessorChecker 327 postProcessAfterInitialization - Bean 'spring.transaction-org.springframework.boot.autoconfigure.transaction.TransactionProperties' of type [org.springframework.boot.autoconfigure.transaction.TransactionProperties] is not eligible for getting processed by all BeanPostProcessors (for example: not eligible for auto-proxying)
00:18:19.337 INFO  org.springframework.context.support.PostProcessorRegistrationDelegate$BeanPostProcessorChecker 327 postProcessAfterInitialization - Bean 'platformTransactionManagerCustomizers' of type [org.springframework.boot.autoconfigure.transaction.TransactionManagerCustomizers] is not eligible for getting processed by all BeanPostProcessors (for example: not eligible for auto-proxying)
00:18:19.341 INFO  org.springframework.context.support.PostProcessorRegistrationDelegate$BeanPostProcessorChecker 327 postProcessAfterInitialization - Bean 'org.springframework.boot.autoconfigure.orm.jpa.HibernateJpaAutoConfiguration' of type [org.springframework.boot.autoconfigure.orm.jpa.HibernateJpaAutoConfiguration$$EnhancerBySpringCGLIB$$17c3a389] is not eligible for getting processed by all BeanPostProcessors (for example: not eligible for auto-proxying)
00:18:20.353 INFO  com.alibaba.druid.pool.DruidDataSource 922 init - {dataSource-1} inited
00:18:20.362 INFO  org.springframework.context.support.PostProcessorRegistrationDelegate$BeanPostProcessorChecker 327 postProcessAfterInitialization - Bean 'jpaVendorAdapter' of type [org.springframework.orm.jpa.vendor.HibernateJpaVendorAdapter] is not eligible for getting processed by all BeanPostProcessors (for example: not eligible for auto-proxying)
00:18:20.365 INFO  org.springframework.context.support.PostProcessorRegistrationDelegate$BeanPostProcessorChecker 327 postProcessAfterInitialization - Bean 'entityManagerFactoryBuilder' of type [org.springframework.boot.orm.jpa.EntityManagerFactoryBuilder] is not eligible for getting processed by all BeanPostProcessors (for example: not eligible for auto-proxying)
00:18:20.399 INFO  org.springframework.orm.jpa.LocalContainerEntityManagerFactoryBean 356 createNativeEntityManagerFactory - Building JPA container EntityManagerFactory for persistence unit 'default'
00:18:20.406 INFO  org.hibernate.jpa.internal.util.LogHelper 31 logPersistenceUnitInformation - HHH000204: Processing PersistenceUnitInfo [
	name: default
	...]
00:18:20.434 INFO  org.hibernate.Version 37 logVersion - HHH000412: Hibernate Core {5.0.12.Final}
00:18:20.434 INFO  org.hibernate.cfg.Environment 213 <clinit> - HHH000206: hibernate.properties not found
00:18:20.435 INFO  org.hibernate.cfg.Environment 317 buildBytecodeProvider - HHH000021: Bytecode provider name : javassist
00:18:20.450 INFO  org.hibernate.annotations.common.reflection.java.JavaReflectionManager 66 <clinit> - HCANN000001: Hibernate Commons Annotations {5.0.1.Final}
00:18:20.494 INFO  org.hibernate.dialect.Dialect 156 <init> - HHH000400: Using dialect: org.hibernate.dialect.MySQL5Dialect
00:18:20.764 INFO  org.hibernate.tool.hbm2ddl.SchemaUpdate 105 execute - HHH000228: Running hbm2ddl schema update
00:18:22.001 INFO  org.springframework.orm.jpa.AbstractEntityManagerFactoryBean 392 buildNativeEntityManagerFactory - Initialized JPA EntityManagerFactory for persistence unit 'default'
00:18:22.003 INFO  org.springframework.context.support.PostProcessorRegistrationDelegate$BeanPostProcessorChecker 327 postProcessAfterInitialization - Bean 'entityManagerFactory' of type [org.springframework.orm.jpa.LocalContainerEntityManagerFactoryBean] is not eligible for getting processed by all BeanPostProcessors (for example: not eligible for auto-proxying)
00:18:22.004 INFO  org.springframework.context.support.PostProcessorRegistrationDelegate$BeanPostProcessorChecker 327 postProcessAfterInitialization - Bean 'entityManagerFactory' of type [com.sun.proxy.$Proxy101] is not eligible for getting processed by all BeanPostProcessors (for example: not eligible for auto-proxying)
00:18:22.011 INFO  org.springframework.context.support.PostProcessorRegistrationDelegate$BeanPostProcessorChecker 327 postProcessAfterInitialization - Bean '(inner bean)#3a9c010e' of type [com.sun.proxy.$Proxy102] is not eligible for getting processed by all BeanPostProcessors (for example: not eligible for auto-proxying)
00:18:22.077 INFO  org.springframework.context.support.PostProcessorRegistrationDelegate$BeanPostProcessorChecker 327 postProcessAfterInitialization - Bean 'jpaMappingContext' of type [org.springframework.data.jpa.repository.config.JpaMetamodelMappingContextFactoryBean] is not eligible for getting processed by all BeanPostProcessors (for example: not eligible for auto-proxying)
00:18:22.077 INFO  org.springframework.context.support.PostProcessorRegistrationDelegate$BeanPostProcessorChecker 327 postProcessAfterInitialization - Bean 'jpaMappingContext' of type [org.springframework.data.jpa.mapping.JpaMetamodelMappingContext] is not eligible for getting processed by all BeanPostProcessors (for example: not eligible for auto-proxying)
00:18:22.169 INFO  org.springframework.context.support.PostProcessorRegistrationDelegate$BeanPostProcessorChecker 327 postProcessAfterInitialization - Bean 'userRepository' of type [org.springframework.data.jpa.repository.support.JpaRepositoryFactoryBean] is not eligible for getting processed by all BeanPostProcessors (for example: not eligible for auto-proxying)
00:18:22.169 INFO  org.springframework.context.support.PostProcessorRegistrationDelegate$BeanPostProcessorChecker 327 postProcessAfterInitialization - Bean 'userRepository' of type [com.sun.proxy.$Proxy105] is not eligible for getting processed by all BeanPostProcessors (for example: not eligible for auto-proxying)
00:18:22.170 INFO  org.springframework.context.support.PostProcessorRegistrationDelegate$BeanPostProcessorChecker 327 postProcessAfterInitialization - Bean 'userServiceImpl' of type [com.shimh.service.impl.UserServiceImpl] is not eligible for getting processed by all BeanPostProcessors (for example: not eligible for auto-proxying)
00:18:22.170 INFO  org.springframework.context.support.PostProcessorRegistrationDelegate$BeanPostProcessorChecker 327 postProcessAfterInitialization - Bean 'oAuthRealm' of type [com.shimh.oauth.OAuthRealm] is not eligible for getting processed by all BeanPostProcessors (for example: not eligible for auto-proxying)
00:18:22.172 INFO  org.springframework.context.support.PostProcessorRegistrationDelegate$BeanPostProcessorChecker 327 postProcessAfterInitialization - Bean 'redisConfig' of type [com.shimh.config.RedisConfig$$EnhancerBySpringCGLIB$$5dab80b] is not eligible for getting processed by all BeanPostProcessors (for example: not eligible for auto-proxying)
00:18:22.180 INFO  org.springframework.context.support.PostProcessorRegistrationDelegate$BeanPostProcessorChecker 327 postProcessAfterInitialization - Bean 'spring.redis-org.springframework.boot.autoconfigure.data.redis.RedisProperties' of type [org.springframework.boot.autoconfigure.data.redis.RedisProperties] is not eligible for getting processed by all BeanPostProcessors (for example: not eligible for auto-proxying)
00:18:22.183 INFO  org.springframework.context.support.PostProcessorRegistrationDelegate$BeanPostProcessorChecker 327 postProcessAfterInitialization - Bean 'org.springframework.boot.autoconfigure.data.redis.RedisAutoConfiguration$RedisConnectionConfiguration' of type [org.springframework.boot.autoconfigure.data.redis.RedisAutoConfiguration$RedisConnectionConfiguration$$EnhancerBySpringCGLIB$$42376678] is not eligible for getting processed by all BeanPostProcessors (for example: not eligible for auto-proxying)
00:18:22.209 INFO  org.springframework.context.support.PostProcessorRegistrationDelegate$BeanPostProcessorChecker 327 postProcessAfterInitialization - Bean 'redisConnectionFactory' of type [org.springframework.data.redis.connection.jedis.JedisConnectionFactory] is not eligible for getting processed by all BeanPostProcessors (for example: not eligible for auto-proxying)
00:18:22.224 INFO  org.springframework.context.support.PostProcessorRegistrationDelegate$BeanPostProcessorChecker 327 postProcessAfterInitialization - Bean 'redisTemplate' of type [org.springframework.data.redis.core.RedisTemplate] is not eligible for getting processed by all BeanPostProcessors (for example: not eligible for auto-proxying)
00:18:22.225 INFO  org.springframework.context.support.PostProcessorRegistrationDelegate$BeanPostProcessorChecker 327 postProcessAfterInitialization - Bean 'redisManager' of type [com.shimh.common.cache.RedisManager] is not eligible for getting processed by all BeanPostProcessors (for example: not eligible for auto-proxying)
00:18:22.230 INFO  org.springframework.context.support.PostProcessorRegistrationDelegate$BeanPostProcessorChecker 327 postProcessAfterInitialization - Bean 'authSessionDAO' of type [com.shimh.oauth.OAuthSessionDAO] is not eligible for getting processed by all BeanPostProcessors (for example: not eligible for auto-proxying)
00:18:22.244 INFO  org.springframework.context.support.PostProcessorRegistrationDelegate$BeanPostProcessorChecker 327 postProcessAfterInitialization - Bean 'sessionManager' of type [com.shimh.oauth.OAuthSessionManager] is not eligible for getting processed by all BeanPostProcessors (for example: not eligible for auto-proxying)
00:18:22.266 INFO  org.springframework.context.support.PostProcessorRegistrationDelegate$BeanPostProcessorChecker 327 postProcessAfterInitialization - Bean 'securityManager' of type [org.apache.shiro.web.mgt.DefaultWebSecurityManager] is not eligible for getting processed by all BeanPostProcessors (for example: not eligible for auto-proxying)
00:18:22.304 INFO  org.springframework.context.support.PostProcessorRegistrationDelegate$BeanPostProcessorChecker 327 postProcessAfterInitialization - Bean 'authorizationAttributeSourceAdvisor' of type [org.apache.shiro.spring.security.interceptor.AuthorizationAttributeSourceAdvisor] is not eligible for getting processed by all BeanPostProcessors (for example: not eligible for auto-proxying)
00:18:22.332 INFO  org.springframework.context.support.PostProcessorRegistrationDelegate$BeanPostProcessorChecker 327 postProcessAfterInitialization - Bean 'org.springframework.transaction.annotation.ProxyTransactionManagementConfiguration' of type [org.springframework.transaction.annotation.ProxyTransactionManagementConfiguration$$EnhancerBySpringCGLIB$$ae3d3f69] is not eligible for getting processed by all BeanPostProcessors (for example: not eligible for auto-proxying)
00:18:22.629 INFO  org.springframework.boot.context.embedded.tomcat.TomcatEmbeddedServletContainer 89 initialize - Tomcat initialized with port(s): 8888 (http)
00:18:22.635 INFO  org.apache.juli.logging.DirectJDKLog 179 log - Starting service [Tomcat]
00:18:22.636 INFO  org.apache.juli.logging.DirectJDKLog 179 log - Starting Servlet Engine: Apache Tomcat/8.5.23
00:18:22.676 INFO  org.apache.juli.logging.DirectJDKLog 179 log - Initializing Spring embedded WebApplicationContext
00:18:22.677 INFO  org.springframework.boot.context.embedded.EmbeddedWebApplicationContext 276 prepareEmbeddedWebApplicationContext - Root WebApplicationContext: initialization completed in 4375 ms
00:18:22.875 INFO  org.springframework.boot.web.servlet.AbstractFilterRegistrationBean 258 configure - Mapping filter: 'characterEncodingFilter' to: [/*]
00:18:22.875 INFO  org.springframework.boot.web.servlet.AbstractFilterRegistrationBean 258 configure - Mapping filter: 'hiddenHttpMethodFilter' to: [/*]
00:18:22.875 INFO  org.springframework.boot.web.servlet.AbstractFilterRegistrationBean 258 configure - Mapping filter: 'httpPutFormContentFilter' to: [/*]
00:18:22.875 INFO  org.springframework.boot.web.servlet.AbstractFilterRegistrationBean 258 configure - Mapping filter: 'requestContextFilter' to: [/*]
00:18:22.876 INFO  org.springframework.boot.web.servlet.AbstractFilterRegistrationBean 271 configure - Mapping filter: 'delegatingFilterProxy' to urls: [/*]
00:18:22.876 INFO  org.springframework.boot.web.servlet.AbstractFilterRegistrationBean 271 configure - Mapping filter: 'webStatFilter' to urls: [/*]
00:18:22.876 INFO  org.springframework.boot.web.servlet.AbstractFilterRegistrationBean 258 configure - Mapping filter: 'corsFilter' to: [/*]
00:18:22.876 INFO  org.springframework.boot.web.servlet.AbstractFilterRegistrationBean 258 configure - Mapping filter: 'shiroFilter' to: [/*]
00:18:22.876 INFO  org.springframework.boot.web.servlet.ServletRegistrationBean 190 onStartup - Mapping servlet: 'dispatcherServlet' to [/]
00:18:22.877 INFO  org.springframework.boot.web.servlet.ServletRegistrationBean 190 onStartup - Mapping servlet: 'statViewServlet' to [/druid/*]
00:18:23.733 INFO  org.springframework.web.servlet.mvc.method.annotation.RequestMappingHandlerAdapter 534 initControllerAdviceCache - Looking for @ControllerAdvice: org.springframework.boot.context.embedded.AnnotationConfigEmbeddedWebApplicationContext@7ca2abf2: startup date [Wed Mar 29 00:18:18 CST 2023]; root of context hierarchy
00:18:23.740 INFO  org.springframework.web.servlet.mvc.method.annotation.RequestMappingHandlerAdapter 566 initControllerAdviceCache - Detected ResponseBodyAdvice bean in FastJsonViewResponseBodyAdvice
00:18:23.797 INFO  org.springframework.web.servlet.handler.AbstractHandlerMethodMapping$MappingRegistry 543 register - Mapped "{[/articles],methods=[GET]}" onto public com.shimh.common.result.Result com.shimh.controller.ArticleController.listArticles(com.shimh.vo.ArticleVo,com.shimh.vo.PageVo)
00:18:23.798 INFO  org.springframework.web.servlet.handler.AbstractHandlerMethodMapping$MappingRegistry 543 register - Mapped "{[/articles/hot],methods=[GET]}" onto public com.shimh.common.result.Result com.shimh.controller.ArticleController.listHotArticles()
00:18:23.798 INFO  org.springframework.web.servlet.handler.AbstractHandlerMethodMapping$MappingRegistry 543 register - Mapped "{[/articles/new],methods=[GET]}" onto public com.shimh.common.result.Result com.shimh.controller.ArticleController.listNewArticles()
00:18:23.798 INFO  org.springframework.web.servlet.handler.AbstractHandlerMethodMapping$MappingRegistry 543 register - Mapped "{[/articles/{id}],methods=[GET]}" onto public com.shimh.common.result.Result com.shimh.controller.ArticleController.getArticleById(java.lang.Integer)
00:18:23.798 INFO  org.springframework.web.servlet.handler.AbstractHandlerMethodMapping$MappingRegistry 543 register - Mapped "{[/articles/view/{id}],methods=[GET]}" onto public com.shimh.common.result.Result com.shimh.controller.ArticleController.getArticleAndAddViews(java.lang.Integer)
00:18:23.798 INFO  org.springframework.web.servlet.handler.AbstractHandlerMethodMapping$MappingRegistry 543 register - Mapped "{[/articles/tag/{id}],methods=[GET]}" onto public com.shimh.common.result.Result com.shimh.controller.ArticleController.listArticlesByTag(java.lang.Integer)
00:18:23.798 INFO  org.springframework.web.servlet.handler.AbstractHandlerMethodMapping$MappingRegistry 543 register - Mapped "{[/articles/category/{id}],methods=[GET]}" onto public com.shimh.common.result.Result com.shimh.controller.ArticleController.listArticlesByCategory(java.lang.Integer)
00:18:23.799 INFO  org.springframework.web.servlet.handler.AbstractHandlerMethodMapping$MappingRegistry 543 register - Mapped "{[/articles/publish],methods=[POST]}" onto public com.shimh.common.result.Result com.shimh.controller.ArticleController.saveArticle(com.shimh.entity.Article)
00:18:23.799 INFO  org.springframework.web.servlet.handler.AbstractHandlerMethodMapping$MappingRegistry 543 register - Mapped "{[/articles/update],methods=[POST]}" onto public com.shimh.common.result.Result com.shimh.controller.ArticleController.updateArticle(com.shimh.entity.Article)
00:18:23.799 INFO  org.springframework.web.servlet.handler.AbstractHandlerMethodMapping$MappingRegistry 543 register - Mapped "{[/articles/delete/{id}],methods=[GET]}" onto public com.shimh.common.result.Result com.shimh.controller.ArticleController.deleteArticleById(java.lang.Integer)
00:18:23.799 INFO  org.springframework.web.servlet.handler.AbstractHandlerMethodMapping$MappingRegistry 543 register - Mapped "{[/articles/listArchives],methods=[GET]}" onto public com.shimh.common.result.Result com.shimh.controller.ArticleController.listArchives()
00:18:23.801 INFO  org.springframework.web.servlet.handler.AbstractHandlerMethodMapping$MappingRegistry 543 register - Mapped "{[/categorys],methods=[GET]}" onto public com.shimh.common.result.Result com.shimh.controller.CategoryController.listCategorys()
00:18:23.801 INFO  org.springframework.web.servlet.handler.AbstractHandlerMethodMapping$MappingRegistry 543 register - Mapped "{[/categorys/detail],methods=[GET]}" onto public com.shimh.common.result.Result com.shimh.controller.CategoryController.listCategorysDetail()
00:18:23.801 INFO  org.springframework.web.servlet.handler.AbstractHandlerMethodMapping$MappingRegistry 543 register - Mapped "{[/categorys/{id}],methods=[GET]}" onto public com.shimh.common.result.Result com.shimh.controller.CategoryController.getCategoryById(java.lang.Integer)
00:18:23.801 INFO  org.springframework.web.servlet.handler.AbstractHandlerMethodMapping$MappingRegistry 543 register - Mapped "{[/categorys/detail/{id}],methods=[GET]}" onto public com.shimh.common.result.Result com.shimh.controller.CategoryController.getCategoryDetail(java.lang.Integer)
00:18:23.801 INFO  org.springframework.web.servlet.handler.AbstractHandlerMethodMapping$MappingRegistry 543 register - Mapped "{[/categorys/create],methods=[POST]}" onto public com.shimh.common.result.Result com.shimh.controller.CategoryController.saveCategory(com.shimh.entity.Category)
00:18:23.802 INFO  org.springframework.web.servlet.handler.AbstractHandlerMethodMapping$MappingRegistry 543 register - Mapped "{[/categorys/update],methods=[POST]}" onto public com.shimh.common.result.Result com.shimh.controller.CategoryController.updateCategory(com.shimh.entity.Category)
00:18:23.802 INFO  org.springframework.web.servlet.handler.AbstractHandlerMethodMapping$MappingRegistry 543 register - Mapped "{[/categorys/delete/{id}],methods=[GET]}" onto public com.shimh.common.result.Result com.shimh.controller.CategoryController.deleteCategoryById(java.lang.Integer)
00:18:23.804 INFO  org.springframework.web.servlet.handler.AbstractHandlerMethodMapping$MappingRegistry 543 register - Mapped "{[/comments],methods=[GET]}" onto public com.shimh.common.result.Result com.shimh.controller.CommentController.listComments()
00:18:23.804 INFO  org.springframework.web.servlet.handler.AbstractHandlerMethodMapping$MappingRegistry 543 register - Mapped "{[/comments/{id}],methods=[GET]}" onto public com.shimh.common.result.Result com.shimh.controller.CommentController.getCommentById(java.lang.Integer)
00:18:23.804 INFO  org.springframework.web.servlet.handler.AbstractHandlerMethodMapping$MappingRegistry 543 register - Mapped "{[/comments/article/{id}],methods=[GET]}" onto public com.shimh.common.result.Result com.shimh.controller.CommentController.listCommentsByArticle(java.lang.Integer)
00:18:23.805 INFO  org.springframework.web.servlet.handler.AbstractHandlerMethodMapping$MappingRegistry 543 register - Mapped "{[/comments/create],methods=[POST]}" onto public com.shimh.common.result.Result com.shimh.controller.CommentController.saveComment(com.shimh.entity.Comment)
00:18:23.805 INFO  org.springframework.web.servlet.handler.AbstractHandlerMethodMapping$MappingRegistry 543 register - Mapped "{[/comments/delete/{id}],methods=[GET]}" onto public com.shimh.common.result.Result com.shimh.controller.CommentController.deleteCommentById(java.lang.Integer)
00:18:23.805 INFO  org.springframework.web.servlet.handler.AbstractHandlerMethodMapping$MappingRegistry 543 register - Mapped "{[/comments/create/change],methods=[POST]}" onto public com.shimh.common.result.Result com.shimh.controller.CommentController.saveCommentAndChangeCounts(com.shimh.entity.Comment)
00:18:23.805 INFO  org.springframework.web.servlet.handler.AbstractHandlerMethodMapping$MappingRegistry 543 register - Mapped "{[/comments/delete/change/{id}],methods=[GET]}" onto public com.shimh.common.result.Result com.shimh.controller.CommentController.deleteCommentByIdAndChangeCounts(java.lang.Integer)
00:18:23.806 INFO  org.springframework.web.servlet.handler.AbstractHandlerMethodMapping$MappingRegistry 543 register - Mapped "{[/register],methods=[POST]}" onto public com.shimh.common.result.Result com.shimh.controller.LoginController.register(com.shimh.entity.User)
00:18:23.806 INFO  org.springframework.web.servlet.handler.AbstractHandlerMethodMapping$MappingRegistry 543 register - Mapped "{[/login],methods=[POST]}" onto public com.shimh.common.result.Result com.shimh.controller.LoginController.login(com.shimh.entity.User)
00:18:23.806 INFO  org.springframework.web.servlet.handler.AbstractHandlerMethodMapping$MappingRegistry 543 register - Mapped "{[/logout],methods=[GET]}" onto public com.shimh.common.result.Result com.shimh.controller.LoginController.logout()
00:18:23.806 INFO  org.springframework.web.servlet.handler.AbstractHandlerMethodMapping$MappingRegistry 543 register - Mapped "{[/handleLogin]}" onto public com.shimh.common.result.Result com.shimh.controller.LoginController.handleLogin(javax.servlet.http.HttpServletRequest)
00:18:23.808 INFO  org.springframework.web.servlet.handler.AbstractHandlerMethodMapping$MappingRegistry 543 register - Mapped "{[/tags],methods=[GET]}" onto public com.shimh.common.result.Result com.shimh.controller.TagController.listTags()
00:18:23.808 INFO  org.springframework.web.servlet.handler.AbstractHandlerMethodMapping$MappingRegistry 543 register - Mapped "{[/tags/create],methods=[POST]}" onto public com.shimh.common.result.Result com.shimh.controller.TagController.saveTag(com.shimh.entity.Tag)
00:18:23.808 INFO  org.springframework.web.servlet.handler.AbstractHandlerMethodMapping$MappingRegistry 543 register - Mapped "{[/tags/detail],methods=[GET]}" onto public com.shimh.common.result.Result com.shimh.controller.TagController.listCategorysDetail()
00:18:23.808 INFO  org.springframework.web.servlet.handler.AbstractHandlerMethodMapping$MappingRegistry 543 register - Mapped "{[/tags/hot],methods=[GET]}" onto public com.shimh.common.result.Result com.shimh.controller.TagController.listHotTags()
00:18:23.808 INFO  org.springframework.web.servlet.handler.AbstractHandlerMethodMapping$MappingRegistry 543 register - Mapped "{[/tags/{id}],methods=[GET]}" onto public com.shimh.common.result.Result com.shimh.controller.TagController.getTagById(java.lang.Integer)
00:18:23.808 INFO  org.springframework.web.servlet.handler.AbstractHandlerMethodMapping$MappingRegistry 543 register - Mapped "{[/tags/detail/{id}],methods=[GET]}" onto public com.shimh.common.result.Result com.shimh.controller.TagController.getTagDetail(java.lang.Integer)
00:18:23.808 INFO  org.springframework.web.servlet.handler.AbstractHandlerMethodMapping$MappingRegistry 543 register - Mapped "{[/tags/update],methods=[POST]}" onto public com.shimh.common.result.Result com.shimh.controller.TagController.updateTag(com.shimh.entity.Tag)
00:18:23.809 INFO  org.springframework.web.servlet.handler.AbstractHandlerMethodMapping$MappingRegistry 543 register - Mapped "{[/tags/delete/{id}],methods=[GET]}" onto public com.shimh.common.result.Result com.shimh.controller.TagController.deleteTagById(java.lang.Integer)
00:18:23.809 INFO  org.springframework.web.servlet.handler.AbstractHandlerMethodMapping$MappingRegistry 543 register - Mapped "{[/upload],methods=[POST]}" onto public com.shimh.common.result.Result com.shimh.controller.UploadController.upload(javax.servlet.http.HttpServletRequest,org.springframework.web.multipart.MultipartFile)
00:18:23.810 INFO  org.springframework.web.servlet.handler.AbstractHandlerMethodMapping$MappingRegistry 543 register - Mapped "{[/users/create],methods=[POST]}" onto public com.shimh.common.result.Result com.shimh.controller.UserController.saveUser(com.shimh.entity.User)
00:18:23.810 INFO  org.springframework.web.servlet.handler.AbstractHandlerMethodMapping$MappingRegistry 543 register - Mapped "{[/users/currentUser],methods=[GET]}" onto public com.shimh.common.result.Result com.shimh.controller.UserController.getCurrentUser(javax.servlet.http.HttpServletRequest)
00:18:23.810 INFO  org.springframework.web.servlet.handler.AbstractHandlerMethodMapping$MappingRegistry 543 register - Mapped "{[/users/update],methods=[POST]}" onto public com.shimh.common.result.Result com.shimh.controller.UserController.updateUser(com.shimh.entity.User)
00:18:23.810 INFO  org.springframework.web.servlet.handler.AbstractHandlerMethodMapping$MappingRegistry 543 register - Mapped "{[/users/delete/{id}],methods=[GET]}" onto public com.shimh.common.result.Result com.shimh.controller.UserController.deleteUserById(java.lang.Long)
00:18:23.810 INFO  org.springframework.web.servlet.handler.AbstractHandlerMethodMapping$MappingRegistry 543 register - Mapped "{[/users],methods=[GET]}" onto public com.shimh.common.result.Result com.shimh.controller.UserController.listUsers()
00:18:23.810 INFO  org.springframework.web.servlet.handler.AbstractHandlerMethodMapping$MappingRegistry 543 register - Mapped "{[/users/{id}],methods=[GET]}" onto public com.shimh.common.result.Result com.shimh.controller.UserController.getUserById(java.lang.Long)
00:18:23.812 INFO  org.springframework.web.servlet.handler.AbstractHandlerMethodMapping$MappingRegistry 543 register - Mapped "{[/error]}" onto public org.springframework.http.ResponseEntity<java.util.Map<java.lang.String, java.lang.Object>> org.springframework.boot.autoconfigure.web.BasicErrorController.error(javax.servlet.http.HttpServletRequest)
00:18:23.812 INFO  org.springframework.web.servlet.handler.AbstractHandlerMethodMapping$MappingRegistry 543 register - Mapped "{[/error],produces=[text/html]}" onto public org.springframework.web.servlet.ModelAndView org.springframework.boot.autoconfigure.web.BasicErrorController.errorHtml(javax.servlet.http.HttpServletRequest,javax.servlet.http.HttpServletResponse)
00:18:23.870 INFO  org.springframework.web.servlet.handler.AbstractUrlHandlerMapping 362 registerHandler - Mapped URL path [/webjars/**] onto handler of type [class org.springframework.web.servlet.resource.ResourceHttpRequestHandler]
00:18:23.870 INFO  org.springframework.web.servlet.handler.AbstractUrlHandlerMapping 362 registerHandler - Mapped URL path [/**] onto handler of type [class org.springframework.web.servlet.resource.ResourceHttpRequestHandler]
00:18:23.900 INFO  org.springframework.web.servlet.mvc.method.annotation.ExceptionHandlerExceptionResolver 273 initExceptionHandlerAdviceCache - Detected @ExceptionHandler methods in globalExceptionHandler
00:18:23.900 INFO  org.springframework.web.servlet.mvc.method.annotation.ExceptionHandlerExceptionResolver 279 initExceptionHandlerAdviceCache - Detected ResponseBodyAdvice implementation in FastJsonViewResponseBodyAdvice
00:18:23.931 INFO  org.springframework.web.servlet.handler.AbstractUrlHandlerMapping 362 registerHandler - Mapped URL path [/**/favicon.ico] onto handler of type [class org.springframework.web.servlet.resource.ResourceHttpRequestHandler]
00:18:24.286 INFO  org.springframework.boot.devtools.autoconfigure.OptionalLiveReloadServer 58 startServer - LiveReload server is running on port 35729
00:18:24.374 INFO  org.springframework.jmx.export.MBeanExporter 431 afterSingletonsInstantiated - Registering beans for JMX exposure on startup
00:18:24.375 INFO  org.springframework.jmx.export.MBeanExporter 916 autodetect - Bean with name 'statFilter' has been autodetected for JMX exposure
00:18:24.375 INFO  org.springframework.jmx.export.MBeanExporter 916 autodetect - Bean with name 'dataSource' has been autodetected for JMX exposure
00:18:24.379 INFO  org.springframework.jmx.export.MBeanExporter 671 registerBeanInstance - Located MBean 'dataSource': registering with JMX server as MBean [com.alibaba.druid.spring.boot.autoconfigure:name=dataSource,type=DruidDataSourceWrapper]
00:18:24.380 INFO  org.springframework.jmx.export.MBeanExporter 671 registerBeanInstance - Located MBean 'statFilter': registering with JMX server as MBean [com.alibaba.druid.filter.stat:name=statFilter,type=StatFilter]
00:18:24.387 INFO  org.apache.juli.logging.DirectJDKLog 179 log - Initializing ProtocolHandler ["http-nio-8888"]
00:18:24.391 INFO  org.apache.juli.logging.DirectJDKLog 179 log - Starting ProtocolHandler ["http-nio-8888"]
00:18:24.401 INFO  org.apache.juli.logging.DirectJDKLog 179 log - Using a shared selector for servlet write/read
00:18:24.409 INFO  org.springframework.boot.context.embedded.tomcat.TomcatEmbeddedServletContainer 201 start - Tomcat started on port(s): 8888 (http)
00:18:24.412 INFO  org.springframework.boot.StartupInfoLogger 57 logStarted - Started BlogApiApplication in 6.312 seconds (JVM running for 11.735)
00:19:06.547 INFO  org.apache.juli.logging.DirectJDKLog 179 log - Initializing Spring FrameworkServlet 'dispatcherServlet'
00:19:06.547 INFO  org.springframework.web.servlet.FrameworkServlet 489 initServletBean - FrameworkServlet 'dispatcherServlet': initialization started
00:19:06.561 INFO  org.springframework.web.servlet.FrameworkServlet 508 initServletBean - FrameworkServlet 'dispatcherServlet': initialization completed in 13 ms
00:19:06.572 INFO  org.apache.shiro.session.mgt.AbstractValidatingSessionManager 233 enableSessionValidation - Enabling session validation scheduler...
00:19:06.611 INFO  org.hibernate.hql.internal.QueryTranslatorFactoryInitiator 47 initiateService - HHH000397: Using ASTQueryTranslatorFactory
